C:\USERS\ZHANG\DOCUMENTS\VISUAL STUDIO 2010\PROJECTS\CG2016_TEAMWORK3\CG2016_TEAMWORK3\DEBUG\CG2016_TEAMWORK3.EXE.EMBED.MANIFEST
C:\USERS\ZHANG\DOCUMENTS\VISUAL STUDIO 2010\PROJECTS\CG2016_TEAMWORK3\CG2016_TEAMWORK3\DEBUG\CG2016_TEAMWORK3.EXE.EMBED.MANIFEST.RES
C:\USERS\ZHANG\DOCUMENTS\VISUAL STUDIO 2010\PROJECTS\CG2016_TEAMWORK3\CG2016_TEAMWORK3\DEBUG\CG2016_TEAMWORK3.EXE.INTERMEDIATE.MANIFEST
C:\USERS\ZHANG\DOCUMENTS\VISUAL STUDIO 2010\PROJECTS\CG2016_TEAMWORK3\CG2016_TEAMWORK3\DEBUG\CG2016_TEAMWORK3.OBJ
C:\USERS\ZHANG\DOCUMENTS\VISUAL STUDIO 2010\PROJECTS\CG2016_TEAMWORK3\CG2016_TEAMWORK3\DEBUG\CG2016_TEAMWORK3.PCH
C:\Users\zhang\documents\visual studio 2010\Projects\cg2016_TeamWork3\cg2016_TeamWork3\Debug\cg2016_TeamWork3.vcxprojResolveAssemblyReference.cache
C:\Users\zhang\documents\visual studio 2010\Projects\cg2016_TeamWork3\cg2016_TeamWork3\Debug\cg2016_TeamWork3.write.1.tlog
C:\Users\zhang\documents\visual studio 2010\Projects\cg2016_TeamWork3\cg2016_TeamWork3\Debug\cg2016_TeamWork3_manifest.rc
C:\Users\zhang\documents\visual studio 2010\Projects\cg2016_TeamWork3\cg2016_TeamWork3\Debug\cl.command.1.tlog
C:\Users\zhang\documents\visual studio 2010\Projects\cg2016_TeamWork3\cg2016_TeamWork3\Debug\CL.read.1.tlog
C:\Users\zhang\documents\visual studio 2010\Projects\cg2016_TeamWork3\cg2016_TeamWork3\Debug\CL.write.1.tlog
C:\Users\zhang\documents\visual studio 2010\Projects\cg2016_TeamWork3\cg2016_TeamWork3\Debug\link.12396.read.1.tlog
C:\Users\zhang\documents\visual studio 2010\Projects\cg2016_TeamWork3\cg2016_TeamWork3\Debug\link.12396.write.1.tlog
C:\Users\zhang\documents\visual studio 2010\Projects\cg2016_TeamWork3\cg2016_TeamWork3\Debug\link.12396-cvtres.read.1.tlog
C:\Users\zhang\documents\visual studio 2010\Projects\cg2016_TeamWork3\cg2016_TeamWork3\Debug\link.12396-cvtres.write.1.tlog
C:\Users\zhang\documents\visual studio 2010\Projects\cg2016_TeamWork3\cg2016_TeamWork3\Debug\link.5072.read.1.tlog
C:\Users\zhang\documents\visual studio 2010\Projects\cg2016_TeamWork3\cg2016_TeamWork3\Debug\link.5072.write.1.tlog
C:\Users\zhang\documents\visual studio 2010\Projects\cg2016_TeamWork3\cg2016_TeamWork3\Debug\link.5072-cvtres.read.1.tlog
C:\Users\zhang\documents\visual studio 2010\Projects\cg2016_TeamWork3\cg2016_TeamWork3\Debug\link.5072-cvtres.write.1.tlog
C:\Users\zhang\documents\visual studio 2010\Projects\cg2016_TeamWork3\cg2016_TeamWork3\Debug\link.8484.read.1.tlog
C:\Users\zhang\documents\visual studio 2010\Projects\cg2016_TeamWork3\cg2016_TeamWork3\Debug\link.8484.write.1.tlog
C:\Users\zhang\documents\visual studio 2010\Projects\cg2016_TeamWork3\cg2016_TeamWork3\Debug\link.8484-cvtres.read.1.tlog
C:\Users\zhang\documents\visual studio 2010\Projects\cg2016_TeamWork3\cg2016_TeamWork3\Debug\link.8484-cvtres.write.1.tlog
C:\Users\zhang\documents\visual studio 2010\Projects\cg2016_TeamWork3\cg2016_TeamWork3\Debug\link.8944.read.1.tlog
C:\Users\zhang\documents\visual studio 2010\Projects\cg2016_TeamWork3\cg2016_TeamWork3\Debug\link.8944.write.1.tlog
C:\Users\zhang\documents\visual studio 2010\Projects\cg2016_TeamWork3\cg2016_TeamWork3\Debug\link.8944-cvtres.read.1.tlog
C:\Users\zhang\documents\visual studio 2010\Projects\cg2016_TeamWork3\cg2016_TeamWork3\Debug\link.8944-cvtres.write.1.tlog
C:\Users\zhang\documents\visual studio 2010\Projects\cg2016_TeamWork3\cg2016_TeamWork3\Debug\link.command.1.tlog
C:\Users\zhang\documents\visual studio 2010\Projects\cg2016_TeamWork3\cg2016_TeamWork3\Debug\link.read.1.tlog
C:\Users\zhang\documents\visual studio 2010\Projects\cg2016_TeamWork3\cg2016_TeamWork3\Debug\link.write.1.tlog
C:\Users\zhang\documents\visual studio 2010\Projects\cg2016_TeamWork3\cg2016_TeamWork3\Debug\link-cvtres.read.1.tlog
C:\Users\zhang\documents\visual studio 2010\Projects\cg2016_TeamWork3\cg2016_TeamWork3\Debug\link-cvtres.write.1.tlog
C:\Users\zhang\documents\visual studio 2010\Projects\cg2016_TeamWork3\cg2016_TeamWork3\Debug\mt.command.1.tlog
C:\Users\zhang\documents\visual studio 2010\Projects\cg2016_TeamWork3\cg2016_TeamWork3\Debug\mt.read.1.tlog
C:\Users\zhang\documents\visual studio 2010\Projects\cg2016_TeamWork3\cg2016_TeamWork3\Debug\mt.write.1.tlog
C:\Users\zhang\documents\visual studio 2010\Projects\cg2016_TeamWork3\cg2016_TeamWork3\Debug\rc.command.1.tlog
C:\Users\zhang\documents\visual studio 2010\Projects\cg2016_TeamWork3\cg2016_TeamWork3\Debug\rc.read.1.tlog
C:\Users\zhang\documents\visual studio 2010\Projects\cg2016_TeamWork3\cg2016_TeamWork3\Debug\rc.write.1.tlog
C:\USERS\ZHANG\DOCUMENTS\VISUAL STUDIO 2010\PROJECTS\CG2016_TEAMWORK3\CG2016_TEAMWORK3\DEBUG\STDAFX.OBJ
C:\Users\zhang\documents\visual studio 2010\Projects\cg2016_TeamWork3\cg2016_TeamWork3\Debug\vc100.idb
C:\USERS\ZHANG\DOCUMENTS\VISUAL STUDIO 2010\PROJECTS\CG2016_TEAMWORK3\CG2016_TEAMWORK3\DEBUG\VC100.PDB
C:\USERS\ZHANG\DOCUMENTS\VISUAL STUDIO 2010\PROJECTS\CG2016_TEAMWORK3\DEBUG\CG2016_TEAMWORK3.EXE
C:\USERS\ZHANG\DOCUMENTS\VISUAL STUDIO 2010\PROJECTS\CG2016_TEAMWORK3\DEBUG\CG2016_TEAMWORK3.ILK
C:\USERS\ZHANG\DOCUMENTS\VISUAL STUDIO 2010\PROJECTS\CG2016_TEAMWORK3\DEBUG\CG2016_TEAMWORK3.PDB
