生成启动时间为 6/28/2016 8:45:28 PM。
     1>项目“C:\Users\Administrator\Documents\Visual Studio 2010\Projects\cg2016_TeamWork3\cg2016_TeamWork3\cg2016_TeamWork3.vcxproj”在节点 2 上(build 个目标)。
       项目文件包含 ToolsVersion="12.0"。此工具集可能未知或缺失。在这种情况下，通过安装 MSBuild 的正确版本，或许可以解决此问题。否则，该 build 可能已因策略原因而被强制为某个特定 ToolsVersion。将该项目视为其已具有 ToolsVersion="4.0"。有关详细信息，请参阅 http://go.microsoft.com/fwlink/?LinkId=291333。
     1>InitializeBuildStatus:
         正在创建“Debug\cg2016_TeamWork3.unsuccessfulbuild”，因为已指定“AlwaysCreate”。
       ClCompile:
         所有输出均为最新。
         所有输出均为最新。
       ManifestResourceCompile:
         所有输出均为最新。
       Link:
         所有输出均为最新。
       Manifest:
         所有输出均为最新。
       FinalizeBuildStatus:
         正在删除文件“Debug\cg2016_TeamWork3.unsuccessfulbuild”。
         正在对“Debug\cg2016_TeamWork3.lastbuildstate”执行 Touch 任务。
     1>已完成生成项目“C:\Users\Administrator\Documents\Visual Studio 2010\Projects\cg2016_TeamWork3\cg2016_TeamWork3\cg2016_TeamWork3.vcxproj”(build 个目标)的操作。

生成成功。

已用时间 00:00:00.12
