生成启动时间为 6/7/2016 4:48:06 PM。
     1>项目“c:\Users\administrator\documents\visual studio 2010\Projects\lab6\lab6.vcxproj”在节点 2 上(build 个目标)。
     1>InitializeBuildStatus:
         正在创建“Debug\lab6.unsuccessfulbuild”，因为已指定“AlwaysCreate”。
       ClCompile:
         e:\我的软件\vs2010\VC\bin\CL.exe /c /ZI /nologo /W3 /WX- /Od /Oy- /D _MBCS /Gm /EHsc /RTC1 /MDd /GS /fp:precise /Zc:wchar_t /Zc:forScope /Fo"Debug\\" /Fd"Debug\vc100.pdb" /Gd /TP /analyze- /errorReport:prompt main.cpp
         main.cpp
     1>c:\users\administrator\documents\visual studio 2010\projects\lab6\main.cpp(44): warning C4996: 'fopen': This function or variable may be unsafe. Consider using fopen_s instead. To disable deprecation, use _CRT_SECURE_NO_WARNINGS. See online help for details.
                 e:\我的软件\vs2010\vc\include\stdio.h(234) : 参见“fopen”的声明
     1>c:\users\administrator\documents\visual studio 2010\projects\lab6\main.cpp(76): warning C4018: “<”: 有符号/无符号不匹配
     1>c:\users\administrator\documents\visual studio 2010\projects\lab6\main.cpp(115): warning C4554: “^”: 检查运算符优先级可能存在的错误；使用圆括号阐明优先级
       Link:
         e:\我的软件\vs2010\VC\bin\link.exe /ERRORREPORT:PROMPT /OUT:"c:\users\administrator\documents\visual studio 2010\projects\lab6\Debug\lab6.exe" /NOLOGO kernel32.lib user32.lib gdi32.lib winspool.lib comdlg32.lib advapi32.lib shell32.lib ole32.lib oleaut32.lib uuid.lib odbc32.lib odbccp32.lib /MANIFEST /ManifestFile:"Debug\lab6.exe.intermediate.manifest" /MANIFESTUAC:"level='asInvoker' uiAccess='false'" /DEBUG /PDB:"c:\users\administrator\documents\visual studio 2010\projects\lab6\Debug\lab6.pdb" /TLBID:1 /DYNAMICBASE /NXCOMPAT /IMPLIB:"c:\users\administrator\documents\visual studio 2010\projects\lab6\Debug\lab6.lib" /MACHINE:X86 Debug\main.obj
         LINK : 没有找到 c:\users\administrator\documents\visual studio 2010\projects\lab6\Debug\lab6.exe 或上一个增量链接没有生成它；正在执行完全链接
         lab6.vcxproj -> c:\users\administrator\documents\visual studio 2010\projects\lab6\Debug\lab6.exe
       Manifest:
         C:\Program Files (x86)\Microsoft SDKs\Windows\v7.0A\bin\mt.exe /nologo /verbose /outputresource:"c:\users\administrator\documents\visual studio 2010\projects\lab6\Debug\lab6.exe;#1" /manifest Debug\lab6.exe.intermediate.manifest
       FinalizeBuildStatus:
         正在删除文件“Debug\lab6.unsuccessfulbuild”。
         正在对“Debug\lab6.lastbuildstate”执行 Touch 任务。
     1>已完成生成项目“c:\Users\administrator\documents\visual studio 2010\Projects\lab6\lab6.vcxproj”(build 个目标)的操作。

生成成功。

已用时间 00:00:02.11
