生成启动时间为 3/22/2016 7:08:45 PM。
     1>项目“C:\Users\Administrator\Documents\Visual Studio 2010\Projects\Lab1\Lab1\Lab1.vcxproj”在节点 2 上(build 个目标)。
     1>InitializeBuildStatus:
         正在创建“Debug\Lab1.unsuccessfulbuild”，因为已指定“AlwaysCreate”。
       ClCompile:
         所有输出均为最新。
         e:\我的软件\vs2010\VC\bin\CL.exe /c /ZI /nologo /W3 /WX- /Od /Oy- /D WIN32 /D _DEBUG /D _CONSOLE /D _UNICODE /D UNICODE /Gm /EHsc /RTC1 /MDd /GS /fp:precise /Zc:wchar_t /Zc:forScope /Yu"StdAfx.h" /Fp"Debug\Lab1.pch" /Fo"Debug\\" /Fd"Debug\vc100.pdb" /Gd /TP /analyze- /errorReport:prompt Lab1.cpp
         Lab1.cpp
       ManifestResourceCompile:
         所有输出均为最新。
       Link:
         e:\我的软件\vs2010\VC\bin\link.exe /ERRORREPORT:PROMPT /OUT:"C:\Users\Administrator\Documents\Visual Studio 2010\Projects\Lab1\Debug\Lab1.exe" /INCREMENTAL /NOLOGO kernel32.lib user32.lib gdi32.lib winspool.lib comdlg32.lib advapi32.lib shell32.lib ole32.lib oleaut32.lib uuid.lib odbc32.lib odbccp32.lib kernel32.lib user32.lib gdi32.lib winspool.lib comdlg32.lib advapi32.lib shell32.lib ole32.lib oleaut32.lib uuid.lib odbc32.lib odbccp32.lib glut32.lib /MANIFEST /ManifestFile:"Debug\Lab1.exe.intermediate.manifest" /MANIFESTUAC:"level='asInvoker' uiAccess='false'" /DEBUG /PDB:"C:\Users\Administrator\Documents\Visual Studio 2010\Projects\Lab1\Debug\Lab1.pdb" /SUBSYSTEM:CONSOLE /TLBID:1 /DYNAMICBASE /NXCOMPAT /IMPLIB:"C:\Users\Administrator\Documents\Visual Studio 2010\Projects\Lab1\Debug\Lab1.lib" /MACHINE:X86 Debug\Lab1.exe.embed.manifest.res
         Debug\Lab1.obj
         Debug\stdafx.obj
       Manifest:
         C:\Program Files (x86)\Microsoft SDKs\Windows\v7.0A\bin\mt.exe /nologo /verbose /out:"Debug\Lab1.exe.embed.manifest" /manifest Debug\Lab1.exe.intermediate.manifest
         所有输出均为最新。
       LinkEmbedManifest:
         所有输出均为最新。
         Lab1.vcxproj -> C:\Users\Administrator\Documents\Visual Studio 2010\Projects\Lab1\Debug\Lab1.exe
       FinalizeBuildStatus:
         正在删除文件“Debug\Lab1.unsuccessfulbuild”。
         正在对“Debug\Lab1.lastbuildstate”执行 Touch 任务。
     1>已完成生成项目“C:\Users\Administrator\Documents\Visual Studio 2010\Projects\Lab1\Lab1\Lab1.vcxproj”(build 个目标)的操作。

生成成功。

已用时间 00:00:01.16
